<?xml version="1.0" encoding="UTF-8"?>
<!-- Generated by org.testng.reporters.JUnitReportReporter -->
<testsuite hostname="DESKTOP-S3KRJ90" failures="0" tests="1" name="com.actitime.testscript.CustomerModule" time="0.030" errors="0" timestamp="13 Apr 2023 16:22:29 GMT" skipped="0">
  <testcase classname="com.actitime.testscript.CustomerModule" name="createCustomer" time="0.030"/>
</testsuite> <!-- com.actitime.testscript.CustomerModule -->
